{"/Users/sangwonseo/Dev/bible-ext/client/src/config.js": {"path":"/Users/sangwonseo/Dev/bible-ext/client/src/config.js","statementMap":{"0":{"start":{"line":1,"column":20},"end":{"line":4,"column":1}}},"fnMap":{},"branchMap":{},"s":{"0":1},"f":{},"b":{},"_coverageSchema":"1a1c01bbd47fc00a2c39e90264f33305004495a9","hash":"dd5c513726b39ca3400b7615fa04381b5d4c43d1"}
,"/Users/sangwonseo/Dev/bible-ext/client/src/prefix.js": {"path":"/Users/sangwonseo/Dev/bible-ext/client/src/prefix.js","statementMap":{"0":{"start":{"line":1,"column":19},"end":{"line":524,"column":1}},"1":{"start":{"line":534,"column":28},"end":{"line":547,"column":1}},"2":{"start":{"line":535,"column":14},"end":{"line":544,"column":4}},"3":{"start":{"line":536,"column":4},"end":{"line":543,"column":54}},"4":{"start":{"line":537,"column":25},"end":{"line":537,"column":43}},"5":{"start":{"line":538,"column":18},"end":{"line":540,"column":7}},"6":{"start":{"line":539,"column":16},"end":{"line":539,"column":57}},"7":{"start":{"line":542,"column":6},"end":{"line":542,"column":39}},"8":{"start":{"line":543,"column":11},"end":{"line":543,"column":54}},"9":{"start":{"line":546,"column":2},"end":{"line":546,"column":13}}},"fnMap":{"0":{"name":"(anonymous_0)","decl":{"start":{"line":534,"column":28},"end":{"line":534,"column":29}},"loc":{"start":{"line":534,"column":49},"end":{"line":547,"column":1}},"line":534},"1":{"name":"(anonymous_1)","decl":{"start":{"line":535,"column":50},"end":{"line":535,"column":51}},"loc":{"start":{"line":535,"column":65},"end":{"line":544,"column":3}},"line":535},"2":{"name":"(anonymous_2)","decl":{"start":{"line":539,"column":8},"end":{"line":539,"column":9}},"loc":{"start":{"line":539,"column":16},"end":{"line":539,"column":57}},"line":539}},"branchMap":{"0":{"loc":{"start":{"line":536,"column":4},"end":{"line":543,"column":54}},"type":"if","locations":[{"start":{"line":536,"column":4},"end":{"line":543,"column":54}},{"start":{"line":543,"column":11},"end":{"line":543,"column":54}}],"line":536},"1":{"loc":{"start":{"line":542,"column":13},"end":{"line":542,"column":38}},"type":"cond-expr","locations":[{"start":{"line":542,"column":26},"end":{"line":542,"column":30}},{"start":{"line":542,"column":33},"end":{"line":542,"column":38}}],"line":542}},"s":{"0":1,"1":1,"2":2,"3":67,"4":67,"5":67,"6":409,"7":67,"8":0,"9":2},"f":{"0":2,"1":67,"2":409},"b":{"0":[67,0],"1":[1,66]},"_coverageSchema":"1a1c01bbd47fc00a2c39e90264f33305004495a9","hash":"52ee17aff84bec336461bf7adc501ffa8201c789"}
,"/Users/sangwonseo/Dev/bible-ext/client/src/util.js": {"path":"/Users/sangwonseo/Dev/bible-ext/client/src/util.js","statementMap":{"0":{"start":{"line":4,"column":29},"end":{"line":11,"column":1}},"1":{"start":{"line":5,"column":2},"end":{"line":9,"column":26}},"2":{"start":{"line":6,"column":4},"end":{"line":6,"column":20}},"3":{"start":{"line":7,"column":9},"end":{"line":9,"column":26}},"4":{"start":{"line":8,"column":4},"end":{"line":8,"column":20}},"5":{"start":{"line":9,"column":9},"end":{"line":9,"column":26}},"6":{"start":{"line":10,"column":2},"end":{"line":10,"column":24}},"7":{"start":{"line":13,"column":18},"end":{"line":46,"column":1}},"8":{"start":{"line":18,"column":2},"end":{"line":26,"column":3}},"9":{"start":{"line":19,"column":4},"end":{"line":19,"column":31}},"10":{"start":{"line":20,"column":4},"end":{"line":20,"column":38}},"11":{"start":{"line":21,"column":4},"end":{"line":21,"column":36}},"12":{"start":{"line":23,"column":4},"end":{"line":23,"column":18}},"13":{"start":{"line":24,"column":4},"end":{"line":24,"column":27}},"14":{"start":{"line":25,"column":4},"end":{"line":25,"column":25}},"15":{"start":{"line":28,"column":2},"end":{"line":45,"column":3}},"16":{"start":{"line":29,"column":4},"end":{"line":44,"column":5}},"17":{"start":{"line":31,"column":8},"end":{"line":31,"column":14}},"18":{"start":{"line":34,"column":8},"end":{"line":34,"column":22}},"19":{"start":{"line":35,"column":8},"end":{"line":35,"column":14}},"20":{"start":{"line":38,"column":8},"end":{"line":38,"column":23}},"21":{"start":{"line":39,"column":8},"end":{"line":39,"column":14}},"22":{"start":{"line":41,"column":8},"end":{"line":41,"column":25}},"23":{"start":{"line":43,"column":8},"end":{"line":43,"column":14}}},"fnMap":{"0":{"name":"(anonymous_0)","decl":{"start":{"line":4,"column":29},"end":{"line":4,"column":30}},"loc":{"start":{"line":4,"column":50},"end":{"line":11,"column":1}},"line":4},"1":{"name":"(anonymous_1)","decl":{"start":{"line":13,"column":18},"end":{"line":13,"column":19}},"loc":{"start":{"line":13,"column":25},"end":{"line":46,"column":1}},"line":13}},"branchMap":{"0":{"loc":{"start":{"line":4,"column":30},"end":{"line":4,"column":45}},"type":"default-arg","locations":[{"start":{"line":4,"column":41},"end":{"line":4,"column":45}}],"line":4},"1":{"loc":{"start":{"line":5,"column":2},"end":{"line":9,"column":26}},"type":"if","locations":[{"start":{"line":5,"column":2},"end":{"line":9,"column":26}},{"start":{"line":7,"column":9},"end":{"line":9,"column":26}}],"line":5},"2":{"loc":{"start":{"line":7,"column":9},"end":{"line":9,"column":26}},"type":"if","locations":[{"start":{"line":7,"column":9},"end":{"line":9,"column":26}},{"start":{"line":9,"column":9},"end":{"line":9,"column":26}}],"line":7},"3":{"loc":{"start":{"line":18,"column":2},"end":{"line":26,"column":3}},"type":"if","locations":[{"start":{"line":18,"column":2},"end":{"line":26,"column":3}},{"start":{"line":22,"column":9},"end":{"line":26,"column":3}}],"line":18},"4":{"loc":{"start":{"line":28,"column":2},"end":{"line":45,"column":3}},"type":"if","locations":[{"start":{"line":28,"column":2},"end":{"line":45,"column":3}},{"start":{},"end":{}}],"line":28},"5":{"loc":{"start":{"line":28,"column":6},"end":{"line":28,"column":23}},"type":"binary-expr","locations":[{"start":{"line":28,"column":6},"end":{"line":28,"column":13}},{"start":{"line":28,"column":17},"end":{"line":28,"column":23}}],"line":28},"6":{"loc":{"start":{"line":29,"column":4},"end":{"line":44,"column":5}},"type":"switch","locations":[{"start":{"line":30,"column":6},"end":{"line":31,"column":14}},{"start":{"line":33,"column":6},"end":{"line":35,"column":14}},{"start":{"line":37,"column":6},"end":{"line":39,"column":14}},{"start":{"line":40,"column":6},"end":{"line":43,"column":14}}],"line":29}},"s":{"0":1,"1":5,"2":2,"3":3,"4":2,"5":1,"6":4,"7":1,"8":0,"9":0,"10":0,"11":0,"12":0,"13":0,"14":0,"15":0,"16":0,"17":0,"18":0,"19":0,"20":0,"21":0,"22":0,"23":0},"f":{"0":5,"1":0},"b":{"0":[0],"1":[2,3],"2":[2,1],"3":[0,0],"4":[0,0],"5":[0,0],"6":[0,0,0,0]},"_coverageSchema":"1a1c01bbd47fc00a2c39e90264f33305004495a9","hash":"fd67d78a9c5cccb623f8d98ebbb70834e1964b08"}
}
