TN:
SF:src/config.js
FNF:0
FNH:0
DA:1,1
LF:1
LH:1
BRF:0
BRH:0
end_of_record
TN:
SF:src/prefix.js
FN:534,(anonymous_0)
FN:535,(anonymous_1)
FN:539,(anonymous_2)
FNF:3
FNH:3
FNDA:2,(anonymous_0)
FNDA:67,(anonymous_1)
FNDA:409,(anonymous_2)
DA:1,1
DA:534,1
DA:535,2
DA:536,67
DA:537,67
DA:538,67
DA:539,409
DA:542,67
DA:543,0
DA:546,2
LF:10
LH:9
BRDA:536,0,0,67
BRDA:536,0,1,0
BRDA:542,1,0,1
BRDA:542,1,1,66
BRF:4
BRH:3
end_of_record
TN:
SF:src/util.js
FN:4,(anonymous_0)
FN:13,(anonymous_1)
FNF:2
FNH:1
FNDA:5,(anonymous_0)
FNDA:0,(anonymous_1)
DA:4,1
DA:5,5
DA:6,2
DA:7,3
DA:8,2
DA:9,1
DA:10,4
DA:13,1
DA:18,0
DA:19,0
DA:20,0
DA:21,0
DA:23,0
DA:24,0
DA:25,0
DA:28,0
DA:29,0
DA:31,0
DA:34,0
DA:35,0
DA:38,0
DA:39,0
DA:41,0
DA:43,0
LF:24
LH:8
BRDA:4,0,0,0
BRDA:5,1,0,2
BRDA:5,1,1,3
BRDA:7,2,0,2
BRDA:7,2,1,1
BRDA:18,3,0,0
BRDA:18,3,1,0
BRDA:28,4,0,0
BRDA:28,4,1,0
BRDA:28,5,0,0
BRDA:28,5,1,0
BRDA:29,6,0,0
BRDA:29,6,1,0
BRDA:29,6,2,0
BRDA:29,6,3,0
BRF:15
BRH:4
end_of_record
